#
# There is insufficient memory for the Java Runtime Environment to continue.
# Native memory allocation (malloc) failed to allocate 68176 bytes for Chunk::new
# Possible reasons:
#   The system is out of physical RAM or swap space
#   The process is running with CompressedOops enabled, and the Java Heap may be blocking the growth of the native heap
# Possible solutions:
#   Reduce memory load on the system
#   Increase physical memory or swap space
#   Check if swap backing store is full
#   Decrease Java heap size (-Xmx/-Xms)
#   Decrease number of Java threads
#   Decrease Java thread stack sizes (-Xss)
#   Set larger code cache with -XX:ReservedCodeCacheSize=
#   JVM is running with Unscaled Compressed Oops mode in which the Java heap is
#     placed in the first 4GB address space. The Java Heap base address is the
#     maximum limit for the native heap growth. Please use -XX:HeapBaseMinAddress
#     to set the Java Heap base and to place the Java Heap above 4GB virtual address.
# This output file may be truncated or incomplete.
#
#  Out of Memory Error (arena.cpp:168), pid=27288, tid=26364
#
# JRE version: Java(TM) SE Runtime Environment (21.0.3+7) (build 21.0.3+7-LTS-152)
# Java VM: Java HotSpot(TM) 64-Bit Server VM (21.0.3+7-LTS-152, mixed mode, sharing, tiered, compressed oops, compressed class ptrs, g1 gc, windows-amd64)
# No core dump will be written. Minidumps are not enabled by default on client versions of Windows
#

---------------  S U M M A R Y ------------

Command Line: -Dclassworlds.conf=C:\Program Files\apache-maven-3.9.9\bin\m2.conf -Dmaven.home=C:\Program Files\apache-maven-3.9.9 -Dlibrary.jansi.path=C:\Program Files\apache-maven-3.9.9\lib\jansi-native -Dmaven.multiModuleProjectDirectory=D:\Document\Etude sup\4A\JAVA\projet_pvz_fonctionnel\projet_pvz org.codehaus.plexus.classworlds.launcher.Launcher clean install

Host: AMD Ryzen 5 3500U with Radeon Vega Mobile Gfx  , 8 cores, 6G,  Windows 11 , 64 bit Build 22621 (10.0.22621.5124)
Time: Tue Apr 22 17:19:26 2025 Paris, Madrid (heure duild 22621 (10.0.22621.5124) elapsed time: 10.851054 seconds (0d 0h 0m 10s)

---------------  T H R E A D  ---------------

Current thread (0x000002472ac29810):  JavaThread "C2 CompilerThread0" daemon [_thread_in_native, id=26364, stack(0x000000d105000000,0x000000d105100000) (1024K)]


Current CompileTask:
C2:  10851 1942       4       java.lang.AbstractStringBuilder::append (55 bytes)

Stack: [0x000000d105000000,0x000000d105100000]
Native frames: (J=compiled Java code, j=interpreted, Vv=VM code, C=native code)
V  [jvm.dll+0x6c63b9]
V  [jvm.dll+0x84fa11]
V  [jvm.dll+0x851f3e]
V  [jvm.dll+0x852613]
V  [jvm.dll+0x27cd46]
V  [jvm.dll+0xc4aad]
V  [jvm.dll+0xc4fe3]
V  [jvm.dll+0x2efaff]
V  [jvm.dll+0x5f150a]
V  [jvm.dll+0x24e99f]
V  [jvm.dll+0x2471de]
V  [jvm.dll+0x245014]
V  [jvm.dll+0x1c689e]
V  [jvm.dll+0x254609]
V  [jvm.dll+0x252b9a]
V  [jvm.dll+0x3eb056]
V  [jvm.dll+0x7f9ffb]
V  [jvm.dll+0x6c4a9d]
C  [ucrtbase.dll+0x29333]
C  [KERNEL32.DLL+0x1259d]
C  [ntdll.dll+0x5af38]


---------------  P R O C E S S  ---------------

Threads class SMR info:
_java_thread_list=0x00000247704dc0b0, length=11, elements={
0x000002470c55c080, 0x000002472ac1c260, 0x000002472ac1cec0, 0x000002472ac21b30,
0x000002472ac245a0, 0x000002472ac26010, 0x000002472ac26a70, 0x000002472ac29810,
0x000002472ac2cdf0, 0x00000247701253d0, 0x0000024770128020
}

Java Threads: ( => current thread )
  0x000002470c55c080 JavaThread "main"                              [_thread_in_native, id=29944, stack(0x000000d104200000,0x000000d104300000) (1024K)]
  0x000002472ac1c260 JavaThread "Reference Handler"          daemon [_thread_blocked, id=34068, stack(0x000000d104a00000,0x000000d104b00000) (1024K)]
  0x000002472ac1cec0 JavaThread "Finalizer"                  daemon [_thread_blocked, id=32412, stack(0x000000d104b00000,0x000000d104c00000) (1024K)]
  0x000002472ac21b30 JavaThread "Signal Dispatcher"          daemon [_thread_blocked, id=30828, stack(0x000000d104c00000,0x000000d104d00000) (1024K)]
  0x000002472ac245a0 JavaThread "Attach Listener"            daemon [_thread_blocked, id=34924, stack(0x000000d104d00000,0x000000d104e00000) (1024K)]
  0x000002472ac26010 JavaThread "Service Thread"             daemon [_thread_blocked, id=38640, stack(0x000000d104e00000,0x000000d104f00000) (1024K)]
  0x000002472ac26a70 JavaThread "Monitor Deflation Thread"   daemon [_thread_blocked, id=21604, stack(0x000000d104f00000,0x000000d105000000) (1024K)]
=>0x000002472ac29810 JavaThread "C2 CompilerThread0"         daemon [_thread_in_native, id=26364, stack(0x000000d105000000,0x000000d105100000) (1024K)]
  0x000002472ac2cdf0 JavaThread "C1 CompilerThread0"         daemon [_thread_blocked, id=22660, stack(0x000000d105100000,0x000000d105200000) (1024K)]
  0x00000247701253d0 JavaThread "Notification Thread"        daemon [_thread_blocked, id=5908, stack(0x000000d105200000,0x000000d105300000) (1024K)]
  0x0000024770128020 JavaThread "Common-Cleaner"             daemon [_thread_blocked, id=36468, stack(0x000000d105300000,0x000000d105400000) (1024K)]
Total: 11

Other Threads:
  0x000002472abfe480 VMThread "VM Thread"                           [id=27332, stack(0x000000d104900000,0x000000d104a00000) (1024K)]
  0x000002472abe6e50 WatcherThread "VM Periodic Task Thread"        [id=33992, stack(0x000000d104800000,0x000000d104900000) (1024K)]
  0x000002470c8389a0 WorkerThread "GC Thread#0"                     [id=19204, stack(0x000000d104300000,0x000000d104400000) (1024K)]
  0x0000024770b50ca0 WorkerThread "GC Thread#1"                     [id=24264, stack(0x000000d105400000,0x000000d105500000) (1024K)]
  0x0000024770cf5a10 WorkerThread "GC Thread#2"                     [id=27284, stack(0x000000d105500000,0x000000d105600000) (1024K)]
  0x0000024770ca0f20 WorkerThread "GC Thread#3"                     [id=16804, stack(0x000000d105600000,0x000000d105700000) (1024K)]
  0x0000024770ca12c0 WorkerThread "GC Thread#4"                     [id=26056, stack(0x000000d105700000,0x000000d105800000) (1024K)]
  0x0000024770ca1660 WorkerThread "GC Thread#5"                     [id=28912, stack(0x000000d105800000,0x000000d105900000) (1024K)]
  0x0000024770ca1a00 WorkerThread "GC Thread#6"                     [id=35644, stack(0x000000d105900000,0x000000d105a00000) (1024K)]
  0x0000024770ca1da0 WorkerThread "GC Thread#7"                     [id=36444, stack(0x000000d105a00000,0x000000d105b00000) (1024K)]
  0x000002470c8477c0 ConcurrentGCThread "G1 Main Marker"            [id=34476, stack(0x000000d104400000,0x000000d104500000) (1024K)]
  0x000002470c8482c0 WorkerThread "G1 Conc#0"                       [id=32444, stack(0x000000d104500000,0x000000d104600000) (1024K)]
  0x000002470c8aeb10 ConcurrentGCThread "G1 Refine#0"               [id=22156, stack(0x000000d104600000,0x000000d104700000) (1024K)]
  0x000002472aab8770 ConcurrentGCThread "G1 Service"                [id=38376, stack(0x000000d104700000,0x000000d104800000) (1024K)]
Total: 14

Threads with active compile tasks:
C2 CompilerThread0    10962 1942       4       java.lang.AbstractStringBuilder::append (55 bytes)
Total: 1

VM state: not at safepoint (normal execution)

VM Mutex/Monitor currently owned by a thread: None

Heap address: 0x0000000090e00000, size: 1778 MB, Compressed Oops mode: 32-bit

CDS archive(s) mapped at: [0x000002472b000000-0x000002472bc90000-0x000002472bc90000), size 13172736, SharedBaseAddress: 0x000002472b000000, ArchiveRelocationMode: 1.
Compressed class space mapped at: 0x000002472c000000-0x000002476c000000, reserved size: 1073741824
Narrow klass base: 0x000002472b000000, Narrow klass shift: 0, Narrow klass range: 0x100000000

GC Precious Log:
 CardTable entry size: 512
 Card Set container configuration: InlinePtr #cards 5 size 8 Array Of Cards #cards 12 size 40 Howl #buckets 4 coarsen threshold 1843 Howl Bitmap #cards 512 size 80 coarsen threshold 460 Card regions per heap region 1 cards per card region 2048
 CPUs: 8 total, 8 available
 Memory: 7105M
 Large Page Support: Disabled
 NUMA Support: Disabled
 Compressed Oops: Enabled (32-bit)
 Heap Region Size: 1M
 Heap Min Capacity: 8M
 Heap Initial Capacity: 112M
 Heap Max Capacity: 1778M
 Pre-touch: Disabled
 Parallel Workers: 8
 Concurrent Workers: 2
 Concurrent Refinement Workers: 8
 Periodic GC: Disabled

Heap:
 garbage-first heap   total 114688K, used 9911K [0x0000000090e00000, 0x0000000100000000)
  region size 1024K, 7 young (7168K), 2 survivors (2048K)
 Metaspace       used 10922K, committed 11072K, reserved 1114112K
  class space    used 1303K, committed 1408K, reserved 1048576K

Heap Regions: E=young(eden), S=young(survivor), O=old, HS=humongous(starts), HC=humongous(continues), CS=collection set, F=free, TAMS=top-at-mark-start, PB=parsable bottom
|   0|0x0000000090e00000, 0x0000000090f00000, 0x0000000090f00000|100%| O|  |TAMS 0x0000000090e00000| PB 0x0000000090e00000| Untracked 
|   1|0x0000000090f00000, 0x0000000091000000, 0x0000000091000000|100%| O|  |TAMS 0x0000000090f00000| PB 0x0000000090f00000| Untracked 
|   2|0x0000000091000000, 0x0000000091100000, 0x0000000091100000|100%| O|  |TAMS 0x0000000091000000| PB 0x0000000091000000| Untracked 
|   3|0x0000000091100000, 0x00000000911e7080, 0x0000000091200000| 90%| O|  |TAMS 0x0000000091100000| PB 0x0000000091100000| Untracked 
|   4|0x0000000091200000, 0x0000000091200000, 0x0000000091300000|  0%| F|  |TAMS 0x0000000091200000| PB 0x0000000091200000| Untracked 
|   5|0x0000000091300000, 0x0000000091300000, 0x0000000091400000|  0%| F|  |TAMS 0x0000000091300000| PB 0x0000000091300000| Untracked 
|   6|0x0000000091400000, 0x0000000091400000, 0x0000000091500000|  0%| F|  |TAMS 0x0000000091400000| PB 0x0000000091400000| Untracked 
|   7|0x0000000091500000, 0x0000000091500000, 0x0000000091600000|  0%| F|  |TAMS 0x0000000091500000| PB 0x0000000091500000| Untracked 
|   8|0x0000000091600000, 0x0000000091600000, 0x0000000091700000|  0%| F|  |TAMS 0x0000000091600000| PB 0x0000000091600000| Untracked 
|   9|0x0000000091700000, 0x0000000091700000, 0x0000000091800000|  0%| F|  |TAMS 0x0000000091700000| PB 0x0000000091700000| Untracked 
|  10|0x0000000091800000, 0x0000000091800000, 0x0000000091900000|  0%| F|  |TAMS 0x0000000091800000| PB 0x0000000091800000| Untracked 
|  11|0x0000000091900000, 0x0000000091900000, 0x0000000091a00000|  0%| F|  |TAMS 0x0000000091900000| PB 0x0000000091900000| Untracked 
|  12|0x0000000091a00000, 0x0000000091a00000, 0x0000000091b00000|  0%| F|  |TAMS 0x0000000091a00000| PB 0x0000000091a00000| Untracked 
|  13|0x0000000091b00000, 0x0000000091b00000, 0x0000000091c00000|  0%| F|  |TAMS 0x0000000091b00000| PB 0x0000000091b00000| Untracked 
|  14|0x0000000091c00000, 0x0000000091c00000, 0x0000000091d00000|  0%| F|  |TAMS 0x0000000091c00000| PB 0x0000000091c00000| Untracked 
|  15|0x0000000091d00000, 0x0000000091d00000, 0x0000000091e00000|  0%| F|  |TAMS 0x0000000091d00000| PB 0x0000000091d00000| Untracked 
|  16|0x0000000091e00000, 0x0000000091e00000, 0x0000000091f00000|  0%| F|  |TAMS 0x0000000091e00000| PB 0x0000000091e00000| Untracked 
|  17|0x0000000091f00000, 0x0000000091f00000, 0x0000000092000000|  0%| F|  |TAMS 0x0000000091f00000| PB 0x0000000091f00000| Untracked 
|  18|0x0000000092000000, 0x0000000092000000, 0x0000000092100000|  0%| F|  |TAMS 0x0000000092000000| PB 0x0000000092000000| Untracked 
|  19|0x0000000092100000, 0x0000000092100000, 0x0000000092200000|  0%| F|  |TAMS 0x0000000092100000| PB 0x0000000092100000| Untracked 
|  20|0x0000000092200000, 0x0000000092200000, 0x0000000092300000|  0%| F|  |TAMS 0x0000000092200000| PB 0x0000000092200000| Untracked 
|  21|0x0000000092300000, 0x0000000092300000, 0x0000000092400000|  0%| F|  |TAMS 0x0000000092300000| PB 0x0000000092300000| Untracked 
|  22|0x0000000092400000, 0x0000000092400000, 0x0000000092500000|  0%| F|  |TAMS 0x0000000092400000| PB 0x0000000092400000| Untracked 
|  23|0x0000000092500000, 0x0000000092500000, 0x0000000092600000|  0%| F|  |TAMS 0x0000000092500000| PB 0x0000000092500000| Untracked 
|  24|0x0000000092600000, 0x0000000092600000, 0x0000000092700000|  0%| F|  |TAMS 0x0000000092600000| PB 0x0000000092600000| Untracked 
|  25|0x0000000092700000, 0x0000000092700000, 0x0000000092800000|  0%| F|  |TAMS 0x0000000092700000| PB 0x0000000092700000| Untracked 
|  26|0x0000000092800000, 0x0000000092800000, 0x0000000092900000|  0%| F|  |TAMS 0x0000000092800000| PB 0x0000000092800000| Untracked 
|  27|0x0000000092900000, 0x0000000092900000, 0x0000000092a00000|  0%| F|  |TAMS 0x0000000092900000| PB 0x0000000092900000| Untracked 
|  28|0x0000000092a00000, 0x0000000092a00000, 0x0000000092b00000|  0%| F|  |TAMS 0x0000000092a00000| PB 0x0000000092a00000| Untracked 
|  29|0x0000000092b00000, 0x0000000092b00000, 0x0000000092c00000|  0%| F|  |TAMS 0x0000000092b00000| PB 0x0000000092b00000| Untracked 
|  30|0x0000000092c00000, 0x0000000092c00000, 0x0000000092d00000|  0%| F|  |TAMS 0x0000000092c00000| PB 0x0000000092c00000| Untracked 
|  31|0x0000000092d00000, 0x0000000092d00000, 0x0000000092e00000|  0%| F|  |TAMS 0x0000000092d00000| PB 0x0000000092d00000| Untracked 
|  32|0x0000000092e00000, 0x0000000092e00000, 0x0000000092f00000|  0%| F|  |TAMS 0x0000000092e00000| PB 0x0000000092e00000| Untracked 
|  33|0x0000000092f00000, 0x0000000092f00000, 0x0000000093000000|  0%| F|  |TAMS 0x0000000092f00000| PB 0x0000000092f00000| Untracked 
|  34|0x0000000093000000, 0x0000000093000000, 0x0000000093100000|  0%| F|  |TAMS 0x0000000093000000| PB 0x0000000093000000| Untracked 
|  35|0x0000000093100000, 0x0000000093100000, 0x0000000093200000|  0%| F|  |TAMS 0x0000000093100000| PB 0x0000000093100000| Untracked 
|  36|0x0000000093200000, 0x0000000093200000, 0x0000000093300000|  0%| F|  |TAMS 0x0000000093200000| PB 0x0000000093200000| Untracked 
|  37|0x0000000093300000, 0x0000000093300000, 0x0000000093400000|  0%| F|  |TAMS 0x0000000093300000| PB 0x0000000093300000| Untracked 
|  38|0x0000000093400000, 0x0000000093400000, 0x0000000093500000|  0%| F|  |TAMS 0x0000000093400000| PB 0x0000000093400000| Untracked 
|  39|0x0000000093500000, 0x0000000093500000, 0x0000000093600000|  0%| F|  |TAMS 0x0000000093500000| PB 0x0000000093500000| Untracked 
|  40|0x0000000093600000, 0x0000000093600000, 0x0000000093700000|  0%| F|  |TAMS 0x0000000093600000| PB 0x0000000093600000| Untracked 
|  41|0x0000000093700000, 0x0000000093700000, 0x0000000093800000|  0%| F|  |TAMS 0x0000000093700000| PB 0x0000000093700000| Untracked 
|  42|0x0000000093800000, 0x0000000093800000, 0x0000000093900000|  0%| F|  |TAMS 0x0000000093800000| PB 0x0000000093800000| Untracked 
|  43|0x0000000093900000, 0x0000000093900000, 0x0000000093a00000|  0%| F|  |TAMS 0x0000000093900000| PB 0x0000000093900000| Untracked 
|  44|0x0000000093a00000, 0x0000000093a00000, 0x0000000093b00000|  0%| F|  |TAMS 0x0000000093a00000| PB 0x0000000093a00000| Untracked 
|  45|0x0000000093b00000, 0x0000000093b00000, 0x0000000093c00000|  0%| F|  |TAMS 0x0000000093b00000| PB 0x0000000093b00000| Untracked 
|  46|0x0000000093c00000, 0x0000000093c00000, 0x0000000093d00000|  0%| F|  |TAMS 0x0000000093c00000| PB 0x0000000093c00000| Untracked 
|  47|0x0000000093d00000, 0x0000000093d00000, 0x0000000093e00000|  0%| F|  |TAMS 0x0000000093d00000| PB 0x0000000093d00000| Untracked 
|  48|0x0000000093e00000, 0x0000000093e00000, 0x0000000093f00000|  0%| F|  |TAMS 0x0000000093e00000| PB 0x0000000093e00000| Untracked 
|  49|0x0000000093f00000, 0x0000000093f00000, 0x0000000094000000|  0%| F|  |TAMS 0x0000000093f00000| PB 0x0000000093f00000| Untracked 
|  50|0x0000000094000000, 0x0000000094000000, 0x0000000094100000|  0%| F|  |TAMS 0x0000000094000000| PB 0x0000000094000000| Untracked 
|  51|0x0000000094100000, 0x0000000094100000, 0x0000000094200000|  0%| F|  |TAMS 0x0000000094100000| PB 0x0000000094100000| Untracked 
|  52|0x0000000094200000, 0x0000000094200000, 0x0000000094300000|  0%| F|  |TAMS 0x0000000094200000| PB 0x0000000094200000| Untracked 
|  53|0x0000000094300000, 0x0000000094300000, 0x0000000094400000|  0%| F|  |TAMS 0x0000000094300000| PB 0x0000000094300000| Untracked 
|  54|0x0000000094400000, 0x0000000094400000, 0x0000000094500000|  0%| F|  |TAMS 0x0000000094400000| PB 0x0000000094400000| Untracked 
|  55|0x0000000094500000, 0x0000000094500000, 0x0000000094600000|  0%| F|  |TAMS 0x0000000094500000| PB 0x0000000094500000| Untracked 
|  56|0x0000000094600000, 0x0000000094600000, 0x0000000094700000|  0%| F|  |TAMS 0x0000000094600000| PB 0x0000000094600000| Untracked 
|  57|0x0000000094700000, 0x0000000094700000, 0x0000000094800000|  0%| F|  |TAMS 0x0000000094700000| PB 0x0000000094700000| Untracked 
|  58|0x0000000094800000, 0x0000000094800000, 0x0000000094900000|  0%| F|  |TAMS 0x0000000094800000| PB 0x0000000094800000| Untracked 
|  59|0x0000000094900000, 0x0000000094900000, 0x0000000094a00000|  0%| F|  |TAMS 0x0000000094900000| PB 0x0000000094900000| Untracked 
|  60|0x0000000094a00000, 0x0000000094a00000, 0x0000000094b00000|  0%| F|  |TAMS 0x0000000094a00000| PB 0x0000000094a00000| Untracked 
|  61|0x0000000094b00000, 0x0000000094b00000, 0x0000000094c00000|  0%| F|  |TAMS 0x0000000094b00000| PB 0x0000000094b00000| Untracked 
|  62|0x0000000094c00000, 0x0000000094c00000, 0x0000000094d00000|  0%| F|  |TAMS 0x0000000094c00000| PB 0x0000000094c00000| Untracked 
|  63|0x0000000094d00000, 0x0000000094d00000, 0x0000000094e00000|  0%| F|  |TAMS 0x0000000094d00000| PB 0x0000000094d00000| Untracked 
|  64|0x0000000094e00000, 0x0000000094e00000, 0x0000000094f00000|  0%| F|  |TAMS 0x0000000094e00000| PB 0x0000000094e00000| Untracked 
|  65|0x0000000094f00000, 0x0000000094f00000, 0x0000000095000000|  0%| F|  |TAMS 0x0000000094f00000| PB 0x0000000094f00000| Untracked 
|  66|0x0000000095000000, 0x0000000095000000, 0x0000000095100000|  0%| F|  |TAMS 0x0000000095000000| PB 0x0000000095000000| Untracked 
|  67|0x0000000095100000, 0x0000000095100000, 0x0000000095200000|  0%| F|  |TAMS 0x0000000095100000| PB 0x0000000095100000| Untracked 
|  68|0x0000000095200000, 0x0000000095200000, 0x0000000095300000|  0%| F|  |TAMS 0x0000000095200000| PB 0x0000000095200000| Untracked 
|  69|0x0000000095300000, 0x0000000095300000, 0x0000000095400000|  0%| F|  |TAMS 0x0000000095300000| PB 0x0000000095300000| Untracked 
|  70|0x0000000095400000, 0x0000000095400000, 0x0000000095500000|  0%| F|  |TAMS 0x0000000095400000| PB 0x0000000095400000| Untracked 
|  71|0x0000000095500000, 0x0000000095500000, 0x0000000095600000|  0%| F|  |TAMS 0x0000000095500000| PB 0x0000000095500000| Untracked 
|  72|0x0000000095600000, 0x0000000095600000, 0x0000000095700000|  0%| F|  |TAMS 0x0000000095600000| PB 0x0000000095600000| Untracked 
|  73|0x0000000095700000, 0x0000000095700000, 0x0000000095800000|  0%| F|  |TAMS 0x0000000095700000| PB 0x0000000095700000| Untracked 
|  74|0x0000000095800000, 0x0000000095800000, 0x0000000095900000|  0%| F|  |TAMS 0x0000000095800000| PB 0x0000000095800000| Untracked 
|  75|0x0000000095900000, 0x0000000095900000, 0x0000000095a00000|  0%| F|  |TAMS 0x0000000095900000| PB 0x0000000095900000| Untracked 
|  76|0x0000000095a00000, 0x0000000095a00000, 0x0000000095b00000|  0%| F|  |TAMS 0x0000000095a00000| PB 0x0000000095a00000| Untracked 
|  77|0x0000000095b00000, 0x0000000095b00000, 0x0000000095c00000|  0%| F|  |TAMS 0x0000000095b00000| PB 0x0000000095b00000| Untracked 
|  78|0x0000000095c00000, 0x0000000095cc6e70, 0x0000000095d00000| 77%| S|CS|TAMS 0x0000000095c00000| PB 0x0000000095c00000| Complete 
|  79|0x0000000095d00000, 0x0000000095e00000, 0x0000000095e00000|100%| S|CS|TAMS 0x0000000095d00000| PB 0x0000000095d00000| Complete 
|  80|0x0000000095e00000, 0x0000000095e00000, 0x0000000095f00000|  0%| F|  |TAMS 0x0000000095e00000| PB 0x0000000095e00000| Untracked 
|  81|0x0000000095f00000, 0x0000000095f00000, 0x0000000096000000|  0%| F|  |TAMS 0x0000000095f00000| PB 0x0000000095f00000| Untracked 
|  82|0x0000000096000000, 0x0000000096000000, 0x0000000096100000|  0%| F|  |TAMS 0x0000000096000000| PB 0x0000000096000000| Untracked 
|  83|0x0000000096100000, 0x0000000096100000, 0x0000000096200000|  0%| F|  |TAMS 0x0000000096100000| PB 0x0000000096100000| Untracked 
|  84|0x0000000096200000, 0x0000000096200000, 0x0000000096300000|  0%| F|  |TAMS 0x0000000096200000| PB 0x0000000096200000| Untracked 
|  85|0x0000000096300000, 0x0000000096300000, 0x0000000096400000|  0%| F|  |TAMS 0x0000000096300000| PB 0x0000000096300000| Untracked 
|  86|0x0000000096400000, 0x0000000096400000, 0x0000000096500000|  0%| F|  |TAMS 0x0000000096400000| PB 0x0000000096400000| Untracked 
|  87|0x0000000096500000, 0x0000000096500000, 0x0000000096600000|  0%| F|  |TAMS 0x0000000096500000| PB 0x0000000096500000| Untracked 
|  88|0x0000000096600000, 0x0000000096600000, 0x0000000096700000|  0%| F|  |TAMS 0x0000000096600000| PB 0x0000000096600000| Untracked 
|  89|0x0000000096700000, 0x0000000096700000, 0x0000000096800000|  0%| F|  |TAMS 0x0000000096700000| PB 0x0000000096700000| Untracked 
|  90|0x0000000096800000, 0x0000000096800000, 0x0000000096900000|  0%| F|  |TAMS 0x0000000096800000| PB 0x0000000096800000| Untracked 
|  91|0x0000000096900000, 0x0000000096900000, 0x0000000096a00000|  0%| F|  |TAMS 0x0000000096900000| PB 0x0000000096900000| Untracked 
|  92|0x0000000096a00000, 0x0000000096a00000, 0x0000000096b00000|  0%| F|  |TAMS 0x0000000096a00000| PB 0x0000000096a00000| Untracked 
|  93|0x0000000096b00000, 0x0000000096b00000, 0x0000000096c00000|  0%| F|  |TAMS 0x0000000096b00000| PB 0x0000000096b00000| Untracked 
|  94|0x0000000096c00000, 0x0000000096c00000, 0x0000000096d00000|  0%| F|  |TAMS 0x0000000096c00000| PB 0x0000000096c00000| Untracked 
|  95|0x0000000096d00000, 0x0000000096d00000, 0x0000000096e00000|  0%| F|  |TAMS 0x0000000096d00000| PB 0x0000000096d00000| Untracked 
|  96|0x0000000096e00000, 0x0000000096e00000, 0x0000000096f00000|  0%| F|  |TAMS 0x0000000096e00000| PB 0x0000000096e00000| Untracked 
|  97|0x0000000096f00000, 0x0000000096f00000, 0x0000000097000000|  0%| F|  |TAMS 0x0000000096f00000| PB 0x0000000096f00000| Untracked 
|  98|0x0000000097000000, 0x0000000097000000, 0x0000000097100000|  0%| F|  |TAMS 0x0000000097000000| PB 0x0000000097000000| Untracked 
|  99|0x0000000097100000, 0x0000000097100000, 0x0000000097200000|  0%| F|  |TAMS 0x0000000097100000| PB 0x0000000097100000| Untracked 
| 100|0x0000000097200000, 0x0000000097200000, 0x0000000097300000|  0%| F|  |TAMS 0x0000000097200000| PB 0x0000000097200000| Untracked 
| 101|0x0000000097300000, 0x0000000097300000, 0x0000000097400000|  0%| F|  |TAMS 0x0000000097300000| PB 0x0000000097300000| Untracked 
| 102|0x0000000097400000, 0x0000000097400000, 0x0000000097500000|  0%| F|  |TAMS 0x0000000097400000| PB 0x0000000097400000| Untracked 
| 103|0x0000000097500000, 0x0000000097500000, 0x0000000097600000|  0%| F|  |TAMS 0x0000000097500000| PB 0x0000000097500000| Untracked 
| 104|0x0000000097600000, 0x0000000097600000, 0x0000000097700000|  0%| F|  |TAMS 0x0000000097600000| PB 0x0000000097600000| Untracked 
| 105|0x0000000097700000, 0x0000000097700000, 0x0000000097800000|  0%| F|  |TAMS 0x0000000097700000| PB 0x0000000097700000| Untracked 
| 106|0x0000000097800000, 0x0000000097800000, 0x0000000097900000|  0%| F|  |TAMS 0x0000000097800000| PB 0x0000000097800000| Untracked 
| 107|0x0000000097900000, 0x0000000097a00000, 0x0000000097a00000|100%| E|  |TAMS 0x0000000097900000| PB 0x0000000097900000| Complete 
| 108|0x0000000097a00000, 0x0000000097b00000, 0x0000000097b00000|100%| E|CS|TAMS 0x0000000097a00000| PB 0x0000000097a00000| Complete 
| 109|0x0000000097b00000, 0x0000000097c00000, 0x0000000097c00000|100%| E|CS|TAMS 0x0000000097b00000| PB 0x0000000097b00000| Complete 
| 110|0x0000000097c00000, 0x0000000097d00000, 0x0000000097d00000|100%| E|CS|TAMS 0x0000000097c00000| PB 0x0000000097c00000| Complete 
| 111|0x0000000097d00000, 0x0000000097e00000, 0x0000000097e00000|100%| E|CS|TAMS 0x0000000097d00000| PB 0x0000000097d00000| Complete 

Card table byte_map: [0x0000024726220000,0x00000247265a0000] _byte_map_base: 0x0000024725d99000

Marking Bits: (CMBitMap*) 0x000002470c8390a0
 Bits: [0x00000247265a0000, 0x0000024728168000)

Polling page: 0x000002470c8b0000

Metaspace:

Usage:
  Non-class:      9.39 MB used.
      Class:      1.27 MB used.
       Both:     10.67 MB used.

Virtual space:
  Non-class space:       64.00 MB reserved,       9.44 MB ( 15%) committed,  1 nodes.
      Class space:        1.00 GB reserved,       1.38 MB ( <1%) committed,  1 nodes.
             Both:        1.06 GB reserved,      10.81 MB ( <1%) committed. 

Chunk freelists:
   Non-Class:  5.12 MB
       Class:  14.67 MB
        Both:  19.79 MB

MaxMetaspaceSize: unlimited
CompressedClassSpaceSize: 1.00 GB
Initial GC threshold: 21.00 MB
Current GC threshold: 21.00 MB
CDS: on
 - commit_granule_bytes: 65536.
 - commit_granule_words: 8192.
 - virtual_space_node_default_size: 8388608.
 - enlarge_chunks_in_place: 1.
 - use_allocation_guard: 0.


Internal statistics:

num_allocs_failed_limit: 0.
num_arena_births: 84.
num_arena_deaths: 0.
num_vsnodes_births: 2.
num_vsnodes_deaths: 0.
num_space_committed: 173.
num_space_uncommitted: 0.
num_chunks_returned_to_freelist: 0.
num_chunks_taken_from_freelist: 431.
num_chunk_merges: 0.
num_chunk_splits: 306.
num_chunks_enlarged: 261.
num_inconsistent_stats: 0.

CodeHeap 'non-profiled nmethods': size=120000Kb used=711Kb max_used=711Kb free=119288Kb
 bounds [0x000002471df00000, 0x000002471e170000, 0x0000024725430000]
CodeHeap 'profiled nmethods': size=120000Kb used=3859Kb max_used=3859Kb free=116140Kb
 bounds [0x0000024716430000, 0x0000024716800000, 0x000002471d960000]
CodeHeap 'non-nmethods': size=5760Kb used=1366Kb max_used=1382Kb free=4393Kb
 bounds [0x000002471d960000, 0x000002471dbd0000, 0x000002471df00000]
 total_blobs=2444 nmethods=1974 adapters=375
 compilation: enabled
              stopped_count=0, restarted_count=0
 full_count=0

Compilation events (20 events):
Event: 10.183 Thread 0x000002472ac2cdf0 nmethod 1932 0x00000247167d8810 code [0x00000247167d8ac0, 0x00000247167d9a20]
Event: 10.183 Thread 0x000002472ac2cdf0 1933       3       com.google.common.collect.Iterators$SingletonIterator::hasNext (13 bytes)
Event: 10.183 Thread 0x000002472ac2cdf0 nmethod 1933 0x00000247167d9e90 code [0x00000247167da020, 0x00000247167da188]
Event: 10.183 Thread 0x000002472ac2cdf0 1934       3       java.util.ArrayList::toArray (12 bytes)
Event: 10.184 Thread 0x000002472ac2cdf0 nmethod 1934 0x00000247167da210 code [0x00000247167da3c0, 0x00000247167da5a0]
Event: 10.188 Thread 0x000002472ac2cdf0 1935       3       java.util.stream.Collectors$CollectorImpl::<init> (32 bytes)
Event: 10.189 Thread 0x000002472ac2cdf0 nmethod 1935 0x00000247167da690 code [0x00000247167da840, 0x00000247167dabd0]
Event: 10.190 Thread 0x000002472ac2cdf0 1936       3       java.util.stream.Collectors$CollectorImpl::<init> (13 bytes)
Event: 10.191 Thread 0x000002472ac2cdf0 nmethod 1936 0x00000247167dac90 code [0x00000247167dae80, 0x00000247167db458]
Event: 10.191 Thread 0x000002472ac2cdf0 1938       3       java.util.stream.ReferencePipeline::collect (124 bytes)
Event: 10.192 Thread 0x000002472ac2cdf0 nmethod 1938 0x00000247167db610 code [0x00000247167db8c0, 0x00000247167dc578]
Event: 10.192 Thread 0x000002472ac2cdf0 1937       3       java.util.stream.Collectors::castingIdentity (6 bytes)
Event: 10.192 Thread 0x000002472ac2cdf0 nmethod 1937 0x00000247167dc990 code [0x00000247167dcb40, 0x00000247167dcd78]
Event: 10.276 Thread 0x000002472ac29810 1939       4       java.util.HashMap::newNode (13 bytes)
Event: 10.278 Thread 0x000002472ac29810 nmethod 1939 0x000002471dfb0610 code [0x000002471dfb07a0, 0x000002471dfb08c0]
Event: 10.291 Thread 0x000002472ac2cdf0 1940       3       com.google.inject.internal.MoreTypes::access$000 (6 bytes)
Event: 10.291 Thread 0x000002472ac2cdf0 nmethod 1940 0x00000247167dce90 code [0x00000247167dd060, 0x00000247167dd490]
Event: 10.470 Thread 0x000002472ac2cdf0 1941       3       com.google.inject.spi.InjectionPoint::forInstanceMethodsAndFields (8 bytes)
Event: 10.510 Thread 0x000002472ac2cdf0 nmethod 1941 0x00000247167dd590 code [0x00000247167dd760, 0x00000247167dd978]
Event: 10.516 Thread 0x000002472ac29810 1942       4       java.lang.AbstractStringBuilder::append (55 bytes)

GC Heap History (4 events):
Event: 5.068 GC heap before
{Heap before GC invocations=0 (full 0):
 garbage-first heap   total 114688K, used 22528K [0x0000000090e00000, 0x0000000100000000)
  region size 1024K, 23 young (23552K), 0 survivors (0K)
 Metaspace       used 5724K, committed 5952K, reserved 1114112K
  class space    used 670K, committed 768K, reserved 1048576K
}
Event: 5.087 GC heap after
{Heap after GC invocations=1 (full 0):
 garbage-first heap   total 114688K, used 3695K [0x0000000090e00000, 0x0000000100000000)
  region size 1024K, 3 young (3072K), 3 survivors (3072K)
 Metaspace       used 5724K, committed 5952K, reserved 1114112K
  class space    used 670K, committed 768K, reserved 1048576K
}
Event: 8.792 GC heap before
{Heap before GC invocations=1 (full 0):
 garbage-first heap   total 114688K, used 33391K [0x0000000090e00000, 0x0000000100000000)
  region size 1024K, 32 young (32768K), 3 survivors (3072K)
 Metaspace       used 9913K, committed 10112K, reserved 1114112K
  class space    used 1178K, committed 1280K, reserved 1048576K
}
Event: 8.810 GC heap after
{Heap after GC invocations=2 (full 0):
 garbage-first heap   total 114688K, used 5815K [0x0000000090e00000, 0x0000000100000000)
  region size 1024K, 2 young (2048K), 2 survivors (2048K)
 Metaspace       used 9913K, committed 10112K, reserved 1114112K
  class space    used 1178K, committed 1280K, reserved 1048576K
}

Dll operation events (8 events):
Event: 0.036 Loaded shared library C:\Program Files\Java\jdk-21\bin\java.dll
Event: 0.233 Loaded shared library C:\Program Files\Java\jdk-21\bin\jsvml.dll
Event: 0.371 Loaded shared library C:\Program Files\Java\jdk-21\bin\net.dll
Event: 0.387 Loaded shared library C:\Program Files\Java\jdk-21\bin\nio.dll
Event: 0.412 Loaded shared library C:\Program Files\Java\jdk-21\bin\zip.dll
Event: 1.499 Loaded shared library C:\Program Files\apache-maven-3.9.9\lib\jansi-native\Windows\x86_64\jansi.dll
Event: 1.598 Loaded shared library C:\Program Files\Java\jdk-21\bin\verify.dll
Event: 1.851 Loaded shared library C:\Program Files\Java\jdk-21\bin\jimage.dll

Deoptimization events (20 events):
Event: 8.501 Thread 0x000002470c55c080 Uncommon trap: trap_request=0xffffffd6 fr.pc=0x000002471dfa730c relative=0x000000000000016c
Event: 8.501 Thread 0x000002470c55c080 Uncommon trap: reason=array_check action=maybe_recompile pc=0x000002471dfa730c method=java.util.stream.Nodes$FixedNodeBuilder.accept(Ljava/lang/Object;)V @ 28 c2
Event: 8.501 Thread 0x000002470c55c080 DEOPT PACKING pc=0x000002471dfa730c sp=0x000000d1042fdf20
Event: 8.501 Thread 0x000002470c55c080 DEOPT UNPACKING pc=0x000002471d9b46a2 sp=0x000000d1042fdec0 mode 2
Event: 8.559 Thread 0x000002470c55c080 Uncommon trap: trap_request=0xffffffc6 fr.pc=0x000002471df7b998 relative=0x0000000000000318
Event: 8.559 Thread 0x000002470c55c080 Uncommon trap: reason=bimorphic_or_optimized_type_check action=maybe_recompile pc=0x000002471df7b998 method=java.util.HashMap.getNode(Ljava/lang/Object;)Ljava/util/HashMap$Node; @ 63 c2
Event: 8.559 Thread 0x000002470c55c080 DEOPT PACKING pc=0x000002471df7b998 sp=0x000000d1042fe530
Event: 8.559 Thread 0x000002470c55c080 DEOPT UNPACKING pc=0x000002471d9b46a2 sp=0x000000d1042fe498 mode 2
Event: 8.579 Thread 0x000002470c55c080 Uncommon trap: trap_request=0xffffffc6 fr.pc=0x000002471dfa3a24 relative=0x00000000000002c4
Event: 8.579 Thread 0x000002470c55c080 Uncommon trap: reason=bimorphic_or_optimized_type_check action=maybe_recompile pc=0x000002471dfa3a24 method=java.util.HashMap.getNode(Ljava/lang/Object;)Ljava/util/HashMap$Node; @ 128 c2
Event: 8.579 Thread 0x000002470c55c080 DEOPT PACKING pc=0x000002471dfa3a24 sp=0x000000d1042fe400
Event: 8.579 Thread 0x000002470c55c080 DEOPT UNPACKING pc=0x000002471d9b46a2 sp=0x000000d1042fe308 mode 2
Event: 8.586 Thread 0x000002470c55c080 Uncommon trap: trap_request=0xffffffc6 fr.pc=0x000002471df7b998 relative=0x0000000000000318
Event: 8.586 Thread 0x000002470c55c080 Uncommon trap: reason=bimorphic_or_optimized_type_check action=maybe_recompile pc=0x000002471df7b998 method=java.util.HashMap.getNode(Ljava/lang/Object;)Ljava/util/HashMap$Node; @ 63 c2
Event: 8.586 Thread 0x000002470c55c080 DEOPT PACKING pc=0x000002471df7b998 sp=0x000000d1042fe280
Event: 8.586 Thread 0x000002470c55c080 DEOPT UNPACKING pc=0x000002471d9b46a2 sp=0x000000d1042fe1e8 mode 2
Event: 8.593 Thread 0x000002470c55c080 Uncommon trap: trap_request=0xffffffc6 fr.pc=0x000002471dfa3a24 relative=0x00000000000002c4
Event: 8.593 Thread 0x000002470c55c080 Uncommon trap: reason=bimorphic_or_optimized_type_check action=maybe_recompile pc=0x000002471dfa3a24 method=java.util.HashMap.getNode(Ljava/lang/Object;)Ljava/util/HashMap$Node; @ 128 c2
Event: 8.593 Thread 0x000002470c55c080 DEOPT PACKING pc=0x000002471dfa3a24 sp=0x000000d1042fe400
Event: 8.593 Thread 0x000002470c55c080 DEOPT UNPACKING pc=0x000002471d9b46a2 sp=0x000000d1042fe308 mode 2

Classes loaded (20 events):
Event: 7.462 Loading class sun/reflect/generics/tree/MethodTypeSignature
Event: 7.462 Loading class sun/reflect/generics/tree/MethodTypeSignature done
Event: 8.041 Loading class java/security/NoSuchAlgorithmException
Event: 8.043 Loading class java/security/GeneralSecurityException
Event: 8.044 Loading class java/security/GeneralSecurityException done
Event: 8.044 Loading class java/security/NoSuchAlgorithmException done
Event: 8.445 Loading class java/util/concurrent/CompletionService
Event: 8.446 Loading class java/util/concurrent/CompletionService done
Event: 8.914 Loading class sun/reflect/generics/repository/FieldRepository
Event: 8.914 Loading class sun/reflect/generics/repository/FieldRepository done
Event: 9.129 Loading class java/io/UncheckedIOException
Event: 9.131 Loading class java/io/UncheckedIOException done
Event: 9.182 Loading class java/util/concurrent/atomic/AtomicBoolean
Event: 9.183 Loading class java/util/concurrent/atomic/AtomicBoolean done
Event: 9.197 Loading class java/nio/channels/OverlappingFileLockException
Event: 9.198 Loading class java/nio/channels/OverlappingFileLockException done
Event: 9.198 Loading class java/nio/channels/FileLock
Event: 9.199 Loading class java/nio/channels/FileLock done
Event: 9.935 Loading class java/nio/file/AccessDeniedException
Event: 9.936 Loading class java/nio/file/AccessDeniedException done

Classes unloaded (0 events):
No events

Classes redefined (0 events):
No events

Internal exceptions (20 events):
Event: 1.549 Thread 0x000002470c55c080 Exception <a 'java/lang/NullPointerException'{0x00000000978083b8}> (0x00000000978083b8) 
thrown [s\open\src\hotspot\share\interpreter\linkResolver.cpp, line 1372]
Event: 1.583 Thread 0x000002470c55c080 Exception <a 'sun/nio/fs/WindowsException'{0x0000000097832720}> (0x0000000097832720) 
thrown [s\open\src\hotspot\share\prims\jni.cpp, line 520]
Event: 1.584 Thread 0x000002470c55c080 Exception <a 'sun/nio/fs/WindowsException'{0x0000000097832eb0}> (0x0000000097832eb0) 
thrown [s\open\src\hotspot\share\prims\jni.cpp, line 520]
Event: 1.585 Thread 0x000002470c55c080 Exception <a 'sun/nio/fs/WindowsException'{0x0000000097833448}> (0x0000000097833448) 
thrown [s\open\src\hotspot\share\prims\jni.cpp, line 520]
Event: 1.588 Thread 0x000002470c55c080 Exception <a 'sun/nio/fs/WindowsException'{0x00000000978339c8}> (0x00000000978339c8) 
thrown [s\open\src\hotspot\share\prims\jni.cpp, line 520]
Event: 1.588 Thread 0x000002470c55c080 Exception <a 'sun/nio/fs/WindowsException'{0x0000000097833f40}> (0x0000000097833f40) 
thrown [s\open\src\hotspot\share\prims\jni.cpp, line 520]
Event: 1.590 Thread 0x000002470c55c080 Exception <a 'sun/nio/fs/WindowsException'{0x0000000097834450}> (0x0000000097834450) 
thrown [s\open\src\hotspot\share\prims\jni.cpp, line 520]
Event: 1.591 Thread 0x000002470c55c080 Exception <a 'sun/nio/fs/WindowsException'{0x0000000097834910}> (0x0000000097834910) 
thrown [s\open\src\hotspot\share\prims\jni.cpp, line 520]
Event: 1.684 Thread 0x000002470c55c080 Exception <a 'java/lang/NoSuchMethodError'{0x00000000978f6a38}: 'void java.lang.invoke.DirectMethodHandle$Holder.invokeStatic(java.lang.Object, java.lang.Object)'> (0x00000000978f6a38) 
thrown [s\open\src\hotspot\share\interpreter\linkResolver.cpp, line 773]
Event: 1.686 Thread 0x000002470c55c080 Exception <a 'java/lang/NoSuchMethodError'{0x00000000978f9e08}: 'void java.lang.invoke.DirectMethodHandle$Holder.invokeStaticInit(java.lang.Object, java.lang.Object)'> (0x00000000978f9e08) 
thrown [s\open\src\hotspot\share\interpreter\linkResolver.cpp, line 773]
Event: 1.737 Thread 0x000002470c55c080 Exception <a 'java/lang/NoSuchMethodError'{0x000000009772f750}: 'void java.lang.invoke.DirectMethodHandle$Holder.invokeStatic(java.lang.Object, java.lang.Object, java.lang.Object)'> (0x000000009772f750) 
thrown [s\open\src\hotspot\share\interpreter\linkResolver.cpp, line 773]
Event: 2.593 Thread 0x000002470c55c080 Exception <a 'java/lang/NoSuchMethodError'{0x000000009769db78}: 'java.lang.Object java.lang.invoke.DirectMethodHandle$Holder.invokeSpecialIFC(java.lang.Object, java.lang.Object, java.lang.Object, java.lang.Object)'> (0x000000009769db78) 
thrown [s\open\src\hotspot\share\interpreter\linkResolver.cpp, line 773]
Event: 4.230 Thread 0x000002470c55c080 Exception <a 'java/lang/NoSuchMethodError'{0x000000009702b858}: 'void java.lang.invoke.DirectMethodHandle$Holder.invokeSpecial(java.lang.Object, java.lang.Object, java.lang.Object)'> (0x000000009702b858) 
thrown [s\open\src\hotspot\share\interpreter\linkResolver.cpp, line 773]
Event: 4.351 Thread 0x000002470c55c080 Exception <a 'java/lang/NoSuchMethodError'{0x0000000096f73680}: 'java.lang.Object java.lang.invoke.DirectMethodHandle$Holder.invokeInterface(java.lang.Object, java.lang.Object)'> (0x0000000096f73680) 
thrown [s\open\src\hotspot\share\interpreter\linkResolver.cpp, line 773]
Event: 4.408 Thread 0x000002470c55c080 Exception <a 'java/lang/NoSuchMethodError'{0x0000000096e0b2c0}: 'int java.lang.invoke.DirectMethodHandle$Holder.invokeStatic(java.lang.Object, java.lang.Object, java.lang.Object, java.lang.Object)'> (0x0000000096e0b2c0) 
thrown [s\open\src\hotspot\share\interpreter\linkResolver.cpp, line 773]
Event: 4.409 Thread 0x000002470c55c080 Exception <a 'java/lang/NoSuchMethodError'{0x0000000096e0e940}: 'java.lang.Object java.lang.invoke.Invokers$Holder.invokeExact_MT(java.lang.Object, java.lang.Object, java.lang.Object, java.lang.Object, java.lang.Object, java.lang.Object)'> (0x0000000096e0e940) 
thrown [s\open\src\hotspot\share\interpreter\linkResolver.cpp, line 773]
Event: 4.417 Thread 0x000002470c55c080 Exception <a 'java/lang/NoSuchMethodError'{0x0000000096e1cfe8}: 'int java.lang.invoke.DirectMethodHandle$Holder.invokeSpecialIFC(java.lang.Object, java.lang.Object, java.lang.Object, java.lang.Object, java.lang.Object)'> (0x0000000096e1cfe8) 
thrown [s\open\src\hotspot\share\interpreter\linkResolver.cpp, line 773]
Event: 4.601 Thread 0x000002470c55c080 Exception <a 'java/lang/NoSuchMethodError'{0x0000000096d9ee00}: 'java.lang.Object java.lang.invoke.DirectMethodHandle$Holder.newInvokeSpecial(java.lang.Object, java.lang.Object, java.lang.Object, java.lang.Object, java.lang.Object)'> (0x0000000096d9ee00) 
thrown [s\open\src\hotspot\share\interpreter\linkResolver.cpp, line 773]
Event: 4.827 Thread 0x000002470c55c080 Exception <a 'java/lang/NoSuchMethodError'{0x0000000096c9b2a8}: 'int java.lang.invoke.DirectMethodHandle$Holder.invokeStaticInit(java.lang.Object, java.lang.Object)'> (0x0000000096c9b2a8) 
thrown [s\open\src\hotspot\share\interpreter\linkResolver.cpp, line 773]
Event: 4.845 Thread 0x000002470c55c080 Exception <a 'java/lang/NoClassDefFoundError'{0x0000000096cd04a8}: javax/enterprise/inject/Typed> (0x0000000096cd04a8) 
thrown [s\open\src\hotspot\share\classfile\systemDictionary.cpp, line 301]

ZGC Phase Switch (0 events):
No events

VM Operations (20 events):
Event: 2.935 Executing VM operation: Cleanup
Event: 2.951 Executing VM operation: Cleanup done
Event: 3.957 Executing VM operation: Cleanup
Event: 3.958 Executing VM operation: Cleanup done
Event: 4.961 Executing VM operation: Cleanup
Event: 4.963 Executing VM operation: Cleanup done
Event: 5.067 Executing VM operation: G1CollectForAllocation (G1 Evacuation Pause)
Event: 5.087 Executing VM operation: G1CollectForAllocation (G1 Evacuation Pause) done
Event: 6.912 Executing VM operation: HandshakeAllThreads (Deoptimize)
Event: 6.912 Executing VM operation: HandshakeAllThreads (Deoptimize) done
Event: 6.912 Executing VM operation: Cleanup
Event: 6.913 Executing VM operation: Cleanup done
Event: 7.358 Executing VM operation: HandshakeAllThreads (Deoptimize)
Event: 7.358 Executing VM operation: HandshakeAllThreads (Deoptimize) done
Event: 8.360 Executing VM operation: Cleanup
Event: 8.361 Executing VM operation: Cleanup done
Event: 8.792 Executing VM operation: G1CollectForAllocation (G1 Evacuation Pause)
Event: 8.810 Executing VM operation: G1CollectForAllocation (G1 Evacuation Pause) done
Event: 9.822 Executing VM operation: Cleanup
Event: 9.840 Executing VM operation: Cleanup done

Events (13 events):
Event: 0.112 Thread 0x000002470c55c080 Thread added: 0x000002470c55c080
Event: 0.205 Thread 0x000002472ac1c260 Thread added: 0x000002472ac1c260
Event: 0.206 Thread 0x000002472ac1cec0 Thread added: 0x000002472ac1cec0
Event: 0.207 Thread 0x000002472ac21b30 Thread added: 0x000002472ac21b30
Event: 0.207 Thread 0x000002472ac245a0 Thread added: 0x000002472ac245a0
Event: 0.207 Thread 0x000002472ac26010 Thread added: 0x000002472ac26010
Event: 0.208 Thread 0x000002472ac26a70 Thread added: 0x000002472ac26a70
Event: 0.209 Thread 0x000002472ac29810 Thread added: 0x000002472ac29810
Event: 0.215 Thread 0x000002472ac2cdf0 Thread added: 0x000002472ac2cdf0
Event: 0.332 Thread 0x00000247701253d0 Thread added: 0x00000247701253d0
Event: 0.352 Thread 0x0000024770128020 Thread added: 0x0000024770128020
Event: 1.475 Thread 0x0000024770168980 Thread added: 0x0000024770168980
Event: 2.304 Thread 0x0000024770168980 Thread exited: 0x0000024770168980


Dynamic libraries:
0x00007ff768640000 - 0x00007ff768650000 	C:\Program Files\Java\jdk-21\bin\java.exe
0x00007ffc01e10000 - 0x00007ffc02027000 	C:\WINDOWS\SYSTEM32\ntdll.dll
0x00007ffc006c0000 - 0x00007ffc00784000 	C:\WINDOWS\System32\KERNEL32.DLL
0x00007ffbfef20000 - 0x00007ffbff2f3000 	C:\WINDOWS\System32\KERNELBASE.dll
0x00007ffbff520000 - 0x00007ffbff631000 	C:\WINDOWS\System32\ucrtbase.dll
0x00007ffbed5c0000 - 0x00007ffbed5d9000 	C:\Program Files\Java\jdk-21\bin\jli.dll
0x00007ffc00d10000 - 0x00007ffc00dc1000 	C:\WINDOWS\System32\ADVAPI32.dll
0x00007ffbffe20000 - 0x00007ffbffec7000 	C:\WINDOWS\System32\msvcrt.dll
0x00007ffc00c50000 - 0x00007ffc00cf8000 	C:\WINDOWS\System32\sechost.dll
0x00007ffbff780000 - 0x00007ffbff7a8000 	C:\WINDOWS\System32\bcrypt.dll
0x00007ffc01bb0000 - 0x00007ffc01cc4000 	C:\WINDOWS\System32\RPCRT4.dll
0x00007ffbf77c0000 - 0x00007ffbf77db000 	C:\Program Files\Java\jdk-21\bin\VCRUNTIME140.dll
0x00007ffbffac0000 - 0x00007ffbffc71000 	C:\WINDOWS\System32\USER32.dll
0x00007ffbff300000 - 0x00007ffbff326000 	C:\WINDOWS\System32\win32u.dll
0x00007ffbffed0000 - 0x00007ffbffef9000 	C:\WINDOWS\System32\GDI32.dll
0x00007ffbff7b0000 - 0x00007ffbff8cb000 	C:\WINDOWS\System32\gdi32full.dll
0x00007ffbffa10000 - 0x00007ffbffaaa000 	C:\WINDOWS\System32\msvcp_win.dll
0x00007ffbe0a30000 - 0x00007ffbe0cc8000 	C:\WINDOWS\WinSxS\amd64_microsoft.windows.common-controls_6595b64144ccf1df_6.0.22621.5124_none_270e8f4f7386d69d\COMCTL32.dll
0x00007ffbf5730000 - 0x00007ffbf573a000 	C:\WINDOWS\SYSTEM32\VERSION.dll
0x00007ffc00530000 - 0x00007ffc00561000 	C:\WINDOWS\System32\IMM32.DLL
0x00007ffbf8ca0000 - 0x00007ffbf8cac000 	C:\Program Files\Java\jdk-21\bin\vcruntime140_1.dll
0x00007ffbd82f0000 - 0x00007ffbd837e000 	C:\Program Files\Java\jdk-21\bin\msvcp140.dll
0x00007ffb8f850000 - 0x00007ffb9055d000 	C:\Program Files\Java\jdk-21\bin\server\jvm.dll
0x00007ffc01960000 - 0x00007ffc019d1000 	C:\WINDOWS\System32\WS2_32.dll
0x00007ffbfedf0000 - 0x00007ffbfee3d000 	C:\WINDOWS\SYSTEM32\POWRPROF.dll
0x00007ffbfb720000 - 0x00007ffbfb754000 	C:\WINDOWS\SYSTEM32\WINMM.dll
0x00007ffbfedd0000 - 0x00007ffbfede3000 	C:\WINDOWS\SYSTEM32\UMPDC.dll
0x00007ffbfdf20000 - 0x00007ffbfdf38000 	C:\WINDOWS\SYSTEM32\kernel.appcore.dll
0x00007ffbf8c60000 - 0x00007ffbf8c6a000 	C:\Program Files\Java\jdk-21\bin\jimage.dll
0x00007ffbfc440000 - 0x00007ffbfc672000 	C:\WINDOWS\SYSTEM32\DBGHELP.DLL
0x00007ffc008b0000 - 0x00007ffc00c42000 	C:\WINDOWS\System32\combase.dll
0x00007ffc01880000 - 0x00007ffc01957000 	C:\WINDOWS\System32\OLEAUT32.dll
0x00007ffbf3e60000 - 0x00007ffbf3e92000 	C:\WINDOWS\SYSTEM32\dbgcore.DLL
0x00007ffbff330000 - 0x00007ffbff3ab000 	C:\WINDOWS\System32\bcryptPrimitives.dll
0x00007ffbed380000 - 0x00007ffbed39f000 	C:\Program Files\Java\jdk-21\bin\java.dll
0x00007ffc00fe0000 - 0x00007ffc01876000 	C:\WINDOWS\System32\SHELL32.dll
0x00007ffbff640000 - 0x00007ffbff77f000 	C:\WINDOWS\System32\wintypes.dll
0x00007ffbfcdf0000 - 0x00007ffbfd70a000 	C:\WINDOWS\SYSTEM32\windows.storage.dll
0x00007ffc005b0000 - 0x00007ffc006ba000 	C:\WINDOWS\System32\SHCORE.dll
0x00007ffbffc80000 - 0x00007ffbffce3000 	C:\WINDOWS\System32\shlwapi.dll
0x00007ffbfee50000 - 0x00007ffbfee7b000 	C:\WINDOWS\SYSTEM32\profapi.dll
0x00007ffbd8210000 - 0x00007ffbd82e7000 	C:\Program Files\Java\jdk-21\bin\jsvml.dll
0x00007ffbf77b0000 - 0x00007ffbf77c0000 	C:\Program Files\Java\jdk-21\bin\net.dll
0x00007ffbf5490000 - 0x00007ffbf55bc000 	C:\WINDOWS\SYSTEM32\WINHTTP.dll
0x00007ffbfe3a0000 - 0x00007ffbfe40a000 	C:\WINDOWS\system32\mswsock.dll
0x00007ffbed360000 - 0x00007ffbed376000 	C:\Program Files\Java\jdk-21\bin\nio.dll
0x00007ffbe8ee0000 - 0x00007ffbe8ef8000 	C:\Program Files\Java\jdk-21\bin\zip.dll
0x00007ffbeda30000 - 0x00007ffbeda54000 	C:\Program Files\apache-maven-3.9.9\lib\jansi-native\Windows\x86_64\jansi.dll
0x00007ffbf99d0000 - 0x00007ffbf99e0000 	C:\Program Files\Java\jdk-21\bin\verify.dll

dbghelp: loaded successfully - version: 4.0.5 - missing functions: none
symbol engine: initialized successfully - sym options: 0x614 - pdb path: .;C:\Program Files\Java\jdk-21\bin;C:\WINDOWS\SYSTEM32;C:\WINDOWS\WinSxS\amd64_microsoft.windows.common-controls_6595b64144ccf1df_6.0.22621.5124_none_270e8f4f7386d69d;C:\Program Files\Java\jdk-21\bin\server;C:\Program Files\apache-maven-3.9.9\lib\jansi-native\Windows\x86_64

VM Arguments:
jvm_args: -Dclassworlds.conf=C:\Program Files\apache-maven-3.9.9\bin\m2.conf -Dmaven.home=C:\Program Files\apache-maven-3.9.9 -Dlibrary.jansi.path=C:\Program Files\apache-maven-3.9.9\lib\jansi-native -Dmaven.multiModuleProjectDirectory=D:\Document\Etude sup\4A\JAVA\projet_pvz_fonctionnel\projet_pvz 
java_command: org.codehaus.plexus.classworlds.launcher.Launcher clean install
java_class_path (initial): C:\Program Files\apache-maven-3.9.9\boot\plexus-classworlds-2.8.0.jar
Launcher Type: SUN_STANDARD

[Global flags]
     intx CICompilerCount                          = 4                                         {product} {ergonomic}
     uint ConcGCThreads                            = 2                                         {product} {ergonomic}
     uint G1ConcRefinementThreads                  = 8                                         {product} {ergonomic}
   size_t G1HeapRegionSize                         = 1048576                                   {product} {ergonomic}
    uintx GCDrainStackTargetSize                   = 64                                        {product} {ergonomic}
   size_t InitialHeapSize                          = 117440512                                 {product} {ergonomic}
   size_t MarkStackSize                            = 4194304                                   {product} {ergonomic}
   size_t MaxHeapSize                              = 1864368128                                {product} {ergonomic}
   size_t MaxNewSize                               = 1117782016                                {product} {ergonomic}
   size_t MinHeapDeltaBytes                        = 1048576                                   {product} {ergonomic}
   size_t MinHeapSize                              = 8388608                                   {product} {ergonomic}
    uintx NonNMethodCodeHeapSize                   = 5839372                                {pd product} {ergonomic}
    uintx NonProfiledCodeHeapSize                  = 122909434                              {pd product} {ergonomic}
    uintx ProfiledCodeHeapSize                     = 122909434                              {pd product} {ergonomic}
    uintx ReservedCodeCacheSize                    = 251658240                              {pd product} {ergonomic}
     bool SegmentedCodeCache                       = true                                      {product} {ergonomic}
   size_t SoftMaxHeapSize                          = 1864368128                             {manageable} {ergonomic}
     bool UseCompressedOops                        = true                           {product lp64_product} {ergonomic}
     bool UseG1GC                                  = true                                      {product} {ergonomic}
     bool UseLargePagesIndividualAllocation        = false                                  {pd product} {ergonomic}

Logging:
Log output configuration:
 #0: stdout all=warning uptime,level,tags foldmultilines=false
 #1: stderr all=off uptime,level,tags foldmultilines=false

Environment Variables:
JAVA_HOME=C:\Program Files\Java\jdk-21
PATH=D:\MAMP\bin\php\php8.3.1;C:\Program Files\Python313\Scripts\;C:\Program Files\Python313\;C:\Program Files\Common Files\Oracle\Java\javapath;C:\WINDOWS\system32;C:\WINDOWS;C:\WINDOWS\System32\Wbem;C:\WINDOWS\System32\WindowsPowerShell\v1.0\;C:\WINDOWS\System32\OpenSSH\;C:\Program Files\Git\cmd;C:\ProgramData\ComposerSetup\bin;C:\Program Files\apache-tomcat-10.1.36\apache-tomcat-10.1.36\bin;D:\bin;C:\Users\melin\AppData\Local\nvm;C:\nvm4w\nodejs;C:\Program Files\nodejs\node.exe;C:\Program Files\nodejs\;D:\Applications min\symfony-cli_windows_amd64;C:\Program Files\MAMP\bin\php\php8.3.1;C:\Program Files\Docker\Docker\resources\bin;C:\Program Files\dotnet\;C:\Python;C:\Program Files\apache-maven-3.9.9\bin;C:\Users\melin\AppData\Local\Programs\Python\Launcher\;C:\Users\melin\AppData\Local\Microsoft\WindowsApps;C:\Users\melin\AppData\Local\Programs\Microsoft VS Code\bin;C:\Users\melin\OneDrive\Documents\IntelliJ IDEA 2024.3.2.1\bin;;C:\Program Files\Java\jdk-21\bin;C:\Program Files\MySQL\MySQL Server 8.0\bin;C:\Program Files\apache-maven-3.9.9\bin;C:\Users\melin\AppData\Roaming\Composer\vendor\bin;C:\Users\melin\go\bin;C:\Users\melin\AppData\Local\nvm;C:\nvm4w\nodejs;C:\Users\melin\AppData\Roaming\npm;C:\Program Files\nodejs\node.exe;C:\nvm4w\nodejs;
USERNAME=melin
OS=Windows_NT
PROCESSOR_IDENTIFIER=AMD64 Family 23 Model 24 Stepping 1, AuthenticAMD
TMP=C:\Users\melin\AppData\Local\Temp
TEMP=C:\Users\melin\AppData\Local\Temp




Periodic native trim disabled

---------------  S Y S T E M  ---------------

OS:
 Windows 11 , 64 bit Build 22621 (10.0.22621.5124)
OS uptime: 11 days 13:54 hours
Hyper-V role detected

CPU: total 8 (initial active 8) (8 cores per cpu, 2 threads per core) family 23 model 24 stepping 1 microcode 0x0, cx8, cmov, fxsr, ht, mmx, 3dnowpref, sse, sse2, sse3, ssse3, sse4a, sse4.1, sse4.2, popcnt, lzcnt, tsc, tscinvbit, avx, avx2, aes, clmul, bmi1, bmi2, adx, sha, fma, vzeroupper, clflush, clflushopt, hv, rdtscp, f16c
Processor Information for all 8 processors :
  Max Mhz: 2100, Current Mhz: 2100, Mhz Limit: 2100

Memory: 4k page, system-wide physical 7105M (55M free)
TotalPageFile size 28609M (AvailPageFile size 0M)
current process WorkingSet (physical memory assigned to process): 91M, peak: 91M
current process commit charge ("private bytes"): 214M, peak: 215M

vm_info: Java HotSpot(TM) 64-Bit Server VM (21.0.3+7-LTS-152) for windows-amd64 JRE (21.0.3+7-LTS-152), built on 2024-03-11T17:42:26Z by "mach5one" with MS VC++ 17.6 (VS2022)

END.
