#
# There is insufficient memory for the Java Runtime Environment to continue.
# Native memory allocation (mmap) failed to map 117440512 bytes for G1 virtual space
# Possible reasons:
#   The system is out of physical RAM or swap space
#   The process is running with CompressedOops enabled, and the Java Heap may be blocking the growth of the native heap
# Possible solutions:
#   Reduce memory load on the system
#   Increase physical memory or swap space
#   Check if swap backing store is full
#   Decrease Java heap size (-Xmx/-Xms)
#   Decrease number of Java threads
#   Decrease Java thread stack sizes (-Xss)
#   Set larger code cache with -XX:ReservedCodeCacheSize=
#   JVM is running with Unscaled Compressed Oops mode in which the Java heap is
#     placed in the first 4GB address space. The Java Heap base address is the
#     maximum limit for the native heap growth. Please use -XX:HeapBaseMinAddress
#     to set the Java Heap base and to place the Java Heap above 4GB virtual address.
# This output file may be truncated or incomplete.
#
#  Out of Memory Error (os_windows.cpp:3600), pid=32204, tid=24704
#
# JRE version:  (21.0.3+7) (build )
# Java VM: Java HotSpot(TM) 64-Bit Server VM (21.0.3+7-LTS-152, mixed mode, sharing, tiered, compressed oops, compressed class ptrs, g1 gc, windows-amd64)
# No core dump will be written. Minidumps are not enabled by default on client versions of Windows
#

---------------  S U M M A R Y ------------

Command Line: -Dclassworlds.conf=C:\Program Files\apache-maven-3.9.9\bin\m2.conf -Dmaven.home=C:\Program Files\apache-maven-3.9.9 -Dlibrary.jansi.path=C:\Program Files\apache-maven-3.9.9\lib\jansi-native -Dmaven.multiModuleProjectDirectory=D:\Document\Etude sup\4A\JAVA\projet_pvz_fonctionnel\projet_pvz org.codehaus.plexus.classworlds.launcher.Launcher clean install

Host: AMD Ryzen 5 3500U with Radeon Vega Mobile Gfx  , 8 cores, 6G,  Windows 11 , 64 bit Build 22621 (10.0.22621.5124)
Time: Tue Apr 22 17:18:55 2025 Paris, Madrid (heure duild 22621 (10.0.22621.5124) elapsed time: 0.071356 seconds (0d 0h 0m 0s)

---------------  T H R E A D  ---------------

Current thread (0x000001f3bbd9bd80):  JavaThread "Unknown thread" [_thread_in_vm, id=24704, stack(0x000000be50100000,0x000000be50200000) (1024K)]

Stack: [0x000000be50100000,0x000000be50200000]
Native frames: (J=compiled Java code, j=interpreted, Vv=VM code, C=native code)
V  [jvm.dll+0x6c63b9]
V  [jvm.dll+0x84fa11]
V  [jvm.dll+0x851f3e]
V  [jvm.dll+0x852613]
V  [jvm.dll+0x27cd46]
V  [jvm.dll+0x6c2b55]
V  [jvm.dll+0x6b76da]
V  [jvm.dll+0x35051a]
V  [jvm.dll+0x358176]
V  [jvm.dll+0x3aa84e]
V  [jvm.dll+0x3aaaf8]
V  [jvm.dll+0x32491c]
V  [jvm.dll+0x32547b]
V  [jvm.dll+0x818f69]
V  [jvm.dll+0x3b7771]
V  [jvm.dll+0x802358]
V  [jvm.dll+0x44c7ce]
V  [jvm.dll+0x44e2a1]
C  [jli.dll+0x52a3]
C  [ucrtbase.dll+0x29333]
C  [KERNEL32.DLL+0x1259d]
C  [ntdll.dll+0x5af38]


---------------  P R O C E S S  ---------------

Threads class SMR info:
_java_thread_list=0x00007ffb90411b88, length=0, elements={
}

Java Threads: ( => current thread )
Total: 0

Other Threads:
  0x000001f3be0784f0 WorkerThread "GC Thread#0"                     [id=25884, stack(0x000000be50200000,0x000000be50300000) (1024K)]
  0x000001f3be0873d0 ConcurrentGCThread "G1 Main Marker"            [id=33108, stack(0x000000be50300000,0x000000be50400000) (1024K)]
  0x000001f3be088580 WorkerThread "G1 Conc#0"                       [id=524, stack(0x000000be50400000,0x000000be50500000) (1024K)]

[error occurred during error reporting (printing all threads), id 0xc0000005, EXCEPTION_ACCESS_VIOLATION (0xc0000005) at pc=0x00007ffb8fb87077]
VM state: not at safepoint (not fully initialized)

VM Mutex/Monitor currently owned by a thread:  ([mutex/lock_event])
[0x00007ffb90482ea8] Heap_lock - owner thread: 0x000001f3bbd9bd80

Heap address: 0x0000000090e00000, size: 1778 MB, Compressed Oops mode: 32-bit

CDS archive(s) mapped at: [0x0000000000000000-0x0000000000000000-0x0000000000000000), size 0, SharedBaseAddress: 0x0000000800000000, ArchiveRelocationMode: 1.
Narrow klass base: 0x0000000000000000, Narrow klass shift: 0, Narrow klass range: 0x0

GC Precious Log:
 CardTable entry size: 512
 Card Set container configuration: InlinePtr #cards 5 size 8 Array Of Cards #cards 12 size 40 Howl #buckets 4 coarsen threshold 1843 Howl Bitmap #cards 512 size 80 coarsen threshold 460 Card regions per heap region 1 cards per card region 2048

Heap:
 garbage-first heap   total 0K, used 0K [0x0000000090e00000, 0x0000000100000000)
  region size 1024K, 0 young (0K), 0 survivors (0K)

[error occurred during error reporting (printing heap information), id 0xc0000005, EXCEPTION_ACCESS_VIOLATION (0xc0000005) at pc=0x00007ffb8ff6e669]
GC Heap History (0 events):
No events

Dll operation events (1 events):
Event: 0.029 Loaded shared library C:\Program Files\Java\jdk-21\bin\java.dll

Deoptimization events (0 events):
No events

Classes loaded (0 events):
No events

Classes unloaded (0 events):
No events

Classes redefined (0 events):
No events

Internal exceptions (0 events):
No events

ZGC Phase Switch (0 events):
No events

VM Operations (0 events):
No events

Events (0 events):
No events


Dynamic libraries:
0x00007ff768640000 - 0x00007ff768650000 	C:\Program Files\Java\jdk-21\bin\java.exe
0x00007ffc01e10000 - 0x00007ffc02027000 	C:\WINDOWS\SYSTEM32\ntdll.dll
0x00007ffc006c0000 - 0x00007ffc00784000 	C:\WINDOWS\System32\KERNEL32.DLL
0x00007ffbfef20000 - 0x00007ffbff2f3000 	C:\WINDOWS\System32\KERNELBASE.dll
0x00007ffbff520000 - 0x00007ffbff631000 	C:\WINDOWS\System32\ucrtbase.dll
0x00007ffbf77c0000 - 0x00007ffbf77db000 	C:\Program Files\Java\jdk-21\bin\VCRUNTIME140.dll
0x00007ffbed5c0000 - 0x00007ffbed5d9000 	C:\Program Files\Java\jdk-21\bin\jli.dll
0x00007ffc00d10000 - 0x00007ffc00dc1000 	C:\WINDOWS\System32\ADVAPI32.dll
0x00007ffbffe20000 - 0x00007ffbffec7000 	C:\WINDOWS\System32\msvcrt.dll
0x00007ffc00c50000 - 0x00007ffc00cf8000 	C:\WINDOWS\System32\sechost.dll
0x00007ffbff780000 - 0x00007ffbff7a8000 	C:\WINDOWS\System32\bcrypt.dll
0x00007ffc01bb0000 - 0x00007ffc01cc4000 	C:\WINDOWS\System32\RPCRT4.dll
0x00007ffbffac0000 - 0x00007ffbffc71000 	C:\WINDOWS\System32\USER32.dll
0x00007ffbff300000 - 0x00007ffbff326000 	C:\WINDOWS\System32\win32u.dll
0x00007ffbffed0000 - 0x00007ffbffef9000 	C:\WINDOWS\System32\GDI32.dll
0x00007ffbe0a30000 - 0x00007ffbe0cc8000 	C:\WINDOWS\WinSxS\amd64_microsoft.windows.common-controls_6595b64144ccf1df_6.0.22621.5124_none_270e8f4f7386d69d\COMCTL32.dll
0x00007ffbff7b0000 - 0x00007ffbff8cb000 	C:\WINDOWS\System32\gdi32full.dll
0x00007ffbffa10000 - 0x00007ffbffaaa000 	C:\WINDOWS\System32\msvcp_win.dll
0x00007ffbf5730000 - 0x00007ffbf573a000 	C:\WINDOWS\SYSTEM32\VERSION.dll
0x00007ffc00530000 - 0x00007ffc00561000 	C:\WINDOWS\System32\IMM32.DLL
0x00007ffbf8ca0000 - 0x00007ffbf8cac000 	C:\Program Files\Java\jdk-21\bin\vcruntime140_1.dll
0x00007ffbd82f0000 - 0x00007ffbd837e000 	C:\Program Files\Java\jdk-21\bin\msvcp140.dll
0x00007ffb8f850000 - 0x00007ffb9055d000 	C:\Program Files\Java\jdk-21\bin\server\jvm.dll
0x00007ffc01960000 - 0x00007ffc019d1000 	C:\WINDOWS\System32\WS2_32.dll
0x00007ffbfedf0000 - 0x00007ffbfee3d000 	C:\WINDOWS\SYSTEM32\POWRPROF.dll
0x00007ffbfb720000 - 0x00007ffbfb754000 	C:\WINDOWS\SYSTEM32\WINMM.dll
0x00007ffbfedd0000 - 0x00007ffbfede3000 	C:\WINDOWS\SYSTEM32\UMPDC.dll
0x00007ffbfdf20000 - 0x00007ffbfdf38000 	C:\WINDOWS\SYSTEM32\kernel.appcore.dll
0x00007ffbf8c60000 - 0x00007ffbf8c6a000 	C:\Program Files\Java\jdk-21\bin\jimage.dll
0x00007ffbfc440000 - 0x00007ffbfc672000 	C:\WINDOWS\SYSTEM32\DBGHELP.DLL
0x00007ffc008b0000 - 0x00007ffc00c42000 	C:\WINDOWS\System32\combase.dll
0x00007ffc01880000 - 0x00007ffc01957000 	C:\WINDOWS\System32\OLEAUT32.dll
0x00007ffbf3e60000 - 0x00007ffbf3e92000 	C:\WINDOWS\SYSTEM32\dbgcore.DLL
0x00007ffbff330000 - 0x00007ffbff3ab000 	C:\WINDOWS\System32\bcryptPrimitives.dll
0x00007ffbed380000 - 0x00007ffbed39f000 	C:\Program Files\Java\jdk-21\bin\java.dll

dbghelp: loaded successfully - version: 4.0.5 - missing functions: none
symbol engine: initialized successfully - sym options: 0x614 - pdb path: .;C:\Program Files\Java\jdk-21\bin;C:\WINDOWS\SYSTEM32;C:\WINDOWS\WinSxS\amd64_microsoft.windows.common-controls_6595b64144ccf1df_6.0.22621.5124_none_270e8f4f7386d69d;C:\Program Files\Java\jdk-21\bin\server

VM Arguments:
jvm_args: -Dclassworlds.conf=C:\Program Files\apache-maven-3.9.9\bin\m2.conf -Dmaven.home=C:\Program Files\apache-maven-3.9.9 -Dlibrary.jansi.path=C:\Program Files\apache-maven-3.9.9\lib\jansi-native -Dmaven.multiModuleProjectDirectory=D:\Document\Etude sup\4A\JAVA\projet_pvz_fonctionnel\projet_pvz 
java_command: org.codehaus.plexus.classworlds.launcher.Launcher clean install
java_class_path (initial): C:\Program Files\apache-maven-3.9.9\boot\plexus-classworlds-2.8.0.jar
Launcher Type: SUN_STANDARD

[Global flags]
     intx CICompilerCount                          = 4                                         {product} {ergonomic}
     uint ConcGCThreads                            = 2                                         {product} {ergonomic}
     uint G1ConcRefinementThreads                  = 8                                         {product} {ergonomic}
   size_t G1HeapRegionSize                         = 1048576                                   {product} {ergonomic}
    uintx GCDrainStackTargetSize                   = 64                                        {product} {ergonomic}
   size_t InitialHeapSize                          = 117440512                                 {product} {ergonomic}
   size_t MarkStackSize                            = 4194304                                   {product} {ergonomic}
   size_t MaxHeapSize                              = 1864368128                                {product} {ergonomic}
   size_t MinHeapDeltaBytes                        = 1048576                                   {product} {ergonomic}
   size_t MinHeapSize                              = 8388608                                   {product} {ergonomic}
    uintx NonNMethodCodeHeapSize                   = 5839372                                {pd product} {ergonomic}
    uintx NonProfiledCodeHeapSize                  = 122909434                              {pd product} {ergonomic}
    uintx ProfiledCodeHeapSize                     = 122909434                              {pd product} {ergonomic}
    uintx ReservedCodeCacheSize                    = 251658240                              {pd product} {ergonomic}
     bool SegmentedCodeCache                       = true                                      {product} {ergonomic}
   size_t SoftMaxHeapSize                          = 1864368128                             {manageable} {ergonomic}
     bool UseCompressedOops                        = true                           {product lp64_product} {ergonomic}
     bool UseG1GC                                  = true                                      {product} {ergonomic}
     bool UseLargePagesIndividualAllocation        = false                                  {pd product} {ergonomic}

Logging:
Log output configuration:
 #0: stdout all=warning uptime,level,tags foldmultilines=false
 #1: stderr all=off uptime,level,tags foldmultilines=false

Environment Variables:
JAVA_HOME=C:\Program Files\Java\jdk-21
PATH=D:\MAMP\bin\php\php8.3.1;C:\Program Files\Python313\Scripts\;C:\Program Files\Python313\;C:\Program Files\Common Files\Oracle\Java\javapath;C:\WINDOWS\system32;C:\WINDOWS;C:\WINDOWS\System32\Wbem;C:\WINDOWS\System32\WindowsPowerShell\v1.0\;C:\WINDOWS\System32\OpenSSH\;C:\Program Files\Git\cmd;C:\ProgramData\ComposerSetup\bin;C:\Program Files\apache-tomcat-10.1.36\apache-tomcat-10.1.36\bin;D:\bin;C:\Users\melin\AppData\Local\nvm;C:\nvm4w\nodejs;C:\Program Files\nodejs\node.exe;C:\Program Files\nodejs\;D:\Applications min\symfony-cli_windows_amd64;C:\Program Files\MAMP\bin\php\php8.3.1;C:\Program Files\Docker\Docker\resources\bin;C:\Program Files\dotnet\;C:\Python;C:\Program Files\apache-maven-3.9.9\bin;C:\Users\melin\AppData\Local\Programs\Python\Launcher\;C:\Users\melin\AppData\Local\Microsoft\WindowsApps;C:\Users\melin\AppData\Local\Programs\Microsoft VS Code\bin;C:\Users\melin\OneDrive\Documents\IntelliJ IDEA 2024.3.2.1\bin;;C:\Program Files\Java\jdk-21\bin;C:\Program Files\MySQL\MySQL Server 8.0\bin;C:\Program Files\apache-maven-3.9.9\bin;C:\Users\melin\AppData\Roaming\Composer\vendor\bin;C:\Users\melin\go\bin;C:\Users\melin\AppData\Local\nvm;C:\nvm4w\nodejs;C:\Users\melin\AppData\Roaming\npm;C:\Program Files\nodejs\node.exe;C:\nvm4w\nodejs;
USERNAME=melin
OS=Windows_NT
PROCESSOR_IDENTIFIER=AMD64 Family 23 Model 24 Stepping 1, AuthenticAMD
TMP=C:\Users\melin\AppData\Local\Temp
TEMP=C:\Users\melin\AppData\Local\Temp




Periodic native trim disabled

---------------  S Y S T E M  ---------------

OS:
 Windows 11 , 64 bit Build 22621 (10.0.22621.5124)
OS uptime: 11 days 13:54 hours
Hyper-V role detected

CPU: total 8 (initial active 8) (8 cores per cpu, 2 threads per core) family 23 model 24 stepping 1 microcode 0x0, cx8, cmov, fxsr, ht, mmx, 3dnowpref, sse, sse2, sse3, ssse3, sse4a, sse4.1, sse4.2, popcnt, lzcnt, tsc, tscinvbit, avx, avx2, aes, clmul, bmi1, bmi2, adx, sha, fma, vzeroupper, clflush, clflushopt, hv, rdtscp, f16c
Processor Information for all 8 processors :
  Max Mhz: 2100, Current Mhz: 2100, Mhz Limit: 2100

Memory: 4k page, system-wide physical 7105M (336M free)
TotalPageFile size 28609M (AvailPageFile size 55M)
current process WorkingSet (physical memory assigned to process): 11M, peak: 11M
current process commit charge ("private bytes"): 60M, peak: 172M

vm_info: Java HotSpot(TM) 64-Bit Server VM (21.0.3+7-LTS-152) for windows-amd64 JRE (21.0.3+7-LTS-152), built on 2024-03-11T17:42:26Z by "mach5one" with MS VC++ 17.6 (VS2022)

END.
